Using pre-set license
Built from '2020.2/release' branch; Version is '2020.2.2f1 (068178b99f32) revision 426360'; Using compiler version '192528614'; Build Type 'Release'
OS: 'Windows 10 Home; OS build 19042.985; Version 2009; 64bit' Language: 'en' Physical Memory: 16331 MB
BatchMode: 1, IsHumanControllingUs: 0, StartBugReporterOnCrash: 0, Is64bit: 1, IsPro: 0

 COMMAND LINE ARGUMENTS:
C:\Program Files\Unity\Hub\Editor\2020.2.2f1\Editor\Unity.exe
-adb2
-batchMode
-noUpm
-name
AssetImportWorker0
-projectPath
F:/GitHub/AI-Assignment3
-logFile
Logs/AssetImportWorker0.log
-srvPort
63763
Successfully changed project path to: F:/GitHub/AI-Assignment3
F:/GitHub/AI-Assignment3
Using Asset Import Pipeline V2.
Refreshing native plugins compatible for Editor in 30.42 ms, found 0 plugins.
Preloading 0 native plugins for Editor in 0.00 ms.
Initialize engine version: 2020.2.2f1 (068178b99f32)
[Subsystems] Discovering subsystems at path C:/Program Files/Unity/Hub/Editor/2020.2.2f1/Editor/Data/Resources/UnitySubsystems
[Subsystems] Discovering subsystems at path F:/GitHub/AI-Assignment3/Assets
GfxDevice: creating device client; threaded=0
Direct3D:
    Version:  Direct3D 11.0 [level 11.1]
    Renderer: NVIDIA GeForce RTX 3060 Ti (ID=0x2486)
    Vendor:   
    VRAM:     8050 MB
    Driver:   27.21.14.6589
Initialize mono
Mono path[0] = 'C:/Program Files/Unity/Hub/Editor/2020.2.2f1/Editor/Data/Managed'
Mono path[1] = 'C:/Program Files/Unity/Hub/Editor/2020.2.2f1/Editor/Data/MonoBleedingEdge/lib/mono/unityjit'
Mono config path = 'C:/Program Files/Unity/Hub/Editor/2020.2.2f1/Editor/Data/MonoBleedingEdge/etc'
Using monoOptions --debugger-agent=transport=dt_socket,embedding=1,server=y,suspend=n,address=127.0.0.1:56800
Begin MonoManager ReloadAssembly
Registering precompiled unity dll's ...
Register platform support module: C:/Program Files/Unity/Hub/Editor/2020.2.2f1/Editor/Data/PlaybackEngines/WindowsStandaloneSupport/UnityEditor.WindowsStandalone.Extensions.dll
Registered in 0.003100 seconds.
Native extension for WindowsStandalone target not found
Refreshing native plugins compatible for Editor in 33.61 ms, found 0 plugins.
Preloading 0 native plugins for Editor in 0.00 ms.
Invoked RoslynAnalysisRunner static constructor.
RoslynAnalysisRunner will not be running.
RoslynAnalysisRunner has terminated.
Mono: successfully reloaded assembly
- Completed reload, in  1.455 seconds
Platform modules already initialized, skipping
Registering precompiled user dll's ...
Registered in 0.001466 seconds.
Begin MonoManager ReloadAssembly
Native extension for WindowsStandalone target not found
Refreshing native plugins compatible for Editor in 0.27 ms, found 0 plugins.
Preloading 0 native plugins for Editor in 0.00 ms.
Invoked RoslynAnalysisRunner static constructor.
RoslynAnalysisRunner will not be running.
RoslynAnalysisRunner has terminated.
Mono: successfully reloaded assembly
- Completed reload, in  1.040 seconds
Platform modules already initialized, skipping
========================================================================
Worker process is ready to serve import requests
Launched and connected shader compiler UnityShaderCompiler.exe after 0.09 seconds
Refreshing native plugins compatible for Editor in 0.26 ms, found 0 plugins.
Preloading 0 native plugins for Editor in 0.00 ms.
Unloading 1135 Unused Serialized files (Serialized files now loaded: 0)
System memory in use before: 60.3 MB.
System memory in use after: 60.3 MB.

Unloading 9 unused Assets to reduce memory usage. Loaded Objects now: 1578.
Total: 2.147700 ms (FindLiveObjects: 0.173700 ms CreateObjectMapping: 0.032300 ms MarkObjects: 1.852900 ms  DeleteObjects: 0.087400 ms)

========================================================================
Received Import Request.
  path: Assets/AI Assignment
  artifactKey: Guid(b1e15ba06534ef54ca80addccd55758e) Importer(815301076,1909f56bfc062723c751e8b465ee728b)
Start importing Assets/AI Assignment using Guid(b1e15ba06534ef54ca80addccd55758e) Importer(815301076,1909f56bfc062723c751e8b465ee728b)  -> (artifact id: '4e4e36da3c5cc6bc11a52aff39ea7b23') in 0.014707 seconds
  Import took 0.016975 seconds .

========================================================================
Received Import Request.
  Time since last request: 0.000258 seconds.
  path: Assets/AI Assignment/New Material.mat
  artifactKey: Guid(5086bfdce1508ce4880d6f282de60ef0) Importer(815301076,1909f56bfc062723c751e8b465ee728b)
Start importing Assets/AI Assignment/New Material.mat using Guid(5086bfdce1508ce4880d6f282de60ef0) Importer(815301076,1909f56bfc062723c751e8b465ee728b)  -> (artifact id: '10ae5fa762bddc4d3caead9799437380') in 0.441544 seconds
  Import took 0.443608 seconds .

========================================================================
Received Import Request.
  Time since last request: 0.000252 seconds.
  path: Assets/AI Assignment/Water.mat
  artifactKey: Guid(08942ec6959e9554695fca54cdbbcbb8) Importer(815301076,1909f56bfc062723c751e8b465ee728b)
Start importing Assets/AI Assignment/Water.mat using Guid(08942ec6959e9554695fca54cdbbcbb8) Importer(815301076,1909f56bfc062723c751e8b465ee728b)  -> (artifact id: '2c4f9d72bcf25bc104633420491657fc') in 0.287132 seconds
  Import took 0.289395 seconds .

========================================================================
Received Import Request.
  Time since last request: 0.000241 seconds.
  path: Assets/AI Assignment/Lava.mat
  artifactKey: Guid(0998b93fd94ec1c4795041c40e51bba9) Importer(815301076,1909f56bfc062723c751e8b465ee728b)
Start importing Assets/AI Assignment/Lava.mat using Guid(0998b93fd94ec1c4795041c40e51bba9) Importer(815301076,1909f56bfc062723c751e8b465ee728b)  -> (artifact id: '75317da7efb993807ce7217faf6dcd20') in 1.752646 seconds
  Import took 1.754658 seconds .

========================================================================
Received Import Request.
  Time since last request: 0.000191 seconds.
  path: Assets/AI Assignment/Scenes
  artifactKey: Guid(af96f722da4b4614fb9c973896e2218e) Importer(815301076,1909f56bfc062723c751e8b465ee728b)
Start importing Assets/AI Assignment/Scenes using Guid(af96f722da4b4614fb9c973896e2218e) Importer(815301076,1909f56bfc062723c751e8b465ee728b)  -> (artifact id: '9758bc2d1332551c305341f9026d1521') in 0.008625 seconds
  Import took 0.010745 seconds .

========================================================================
Received Import Request.
  Time since last request: 0.000266 seconds.
  path: Assets/AI Assignment/black.mat
  artifactKey: Guid(cca5c6d4912baf045b218c1fe9ad222f) Importer(815301076,1909f56bfc062723c751e8b465ee728b)
Start importing Assets/AI Assignment/black.mat using Guid(cca5c6d4912baf045b218c1fe9ad222f) Importer(815301076,1909f56bfc062723c751e8b465ee728b)  -> (artifact id: 'c8c8768912cfd8e1ef65436049b68295') in 0.017710 seconds
  Import took 0.020184 seconds .

========================================================================
Received Import Request.
  Time since last request: 0.000275 seconds.
  path: Assets/AI Assignment/Grass.mat
  artifactKey: Guid(dd80850b6d59263468f00180a874b3fe) Importer(815301076,1909f56bfc062723c751e8b465ee728b)
Start importing Assets/AI Assignment/Grass.mat using Guid(dd80850b6d59263468f00180a874b3fe) Importer(815301076,1909f56bfc062723c751e8b465ee728b)  -> (artifact id: 'a83a94a97a0151c580152f952bf622f0') in 0.021480 seconds
  Import took 0.023876 seconds .

========================================================================
Received Import Request.
  Time since last request: 1.231845 seconds.
  path: Assets/AI Assignment/Scenes/EndMaze.unity
  artifactKey: Guid(8eb2ef97329debc469a0589b67594b98) Importer(815301076,1909f56bfc062723c751e8b465ee728b)
Start importing Assets/AI Assignment/Scenes/EndMaze.unity using Guid(8eb2ef97329debc469a0589b67594b98) Importer(815301076,1909f56bfc062723c751e8b465ee728b)  -> (artifact id: '503f419cc4d6a9bde574a1c2e4a743eb') in 0.009465 seconds
  Import took 0.011900 seconds .

========================================================================
Received Import Request.
  Time since last request: 0.697166 seconds.
  path: Assets/AI Assignment/Scenes/SampleScene.unity
  artifactKey: Guid(9fc0d4010bbf28b4594072e72b8655ab) Importer(815301076,1909f56bfc062723c751e8b465ee728b)
Start importing Assets/AI Assignment/Scenes/SampleScene.unity using Guid(9fc0d4010bbf28b4594072e72b8655ab) Importer(815301076,1909f56bfc062723c751e8b465ee728b)  -> (artifact id: '18c57e6b8d2d94d3fab4c23d35018a0a') in 0.008955 seconds
  Import took 0.011206 seconds .

========================================================================
Received Prepare
Registering precompiled user dll's ...
Registered in 0.001256 seconds.
Begin MonoManager ReloadAssembly
Native extension for WindowsStandalone target not found
Refreshing native plugins compatible for Editor in 0.27 ms, found 0 plugins.
Preloading 0 native plugins for Editor in 0.00 ms.
Invoked RoslynAnalysisRunner static constructor.
RoslynAnalysisRunner will not be running.
RoslynAnalysisRunner has terminated.
Mono: successfully reloaded assembly
- Completed reload, in  0.932 seconds
Platform modules already initialized, skipping
Refreshing native plugins compatible for Editor in 0.26 ms, found 0 plugins.
Preloading 0 native plugins for Editor in 0.00 ms.
Unloading 1114 Unused Serialized files (Serialized files now loaded: 0)
System memory in use before: 133.3 MB.
System memory in use after: 133.4 MB.

Unloading 4 unused Assets to reduce memory usage. Loaded Objects now: 1621.
Total: 2.359600 ms (FindLiveObjects: 0.338400 ms CreateObjectMapping: 0.050900 ms MarkObjects: 1.949400 ms  DeleteObjects: 0.018800 ms)

AssetImportWorkerClient::OnTransportError - code=2 error=End of file
